<?xml version="1.0" encoding="UTF-8"?>
<testsuite name="com.clean.newsapp.ui.NewsFeedViewModelTest" tests="4" skipped="0" failures="0" errors="0" timestamp="2023-06-14T14:14:37" hostname="LIN80022458" time="0.262">
  <properties/>
  <testcase name="test fetch news feed failure" classname="com.clean.newsapp.ui.NewsFeedViewModelTest" time="0.15"/>
  <testcase name="test get news item by Id success" classname="com.clean.newsapp.ui.NewsFeedViewModelTest" time="0.075"/>
  <testcase name="test fetch news feed success" classname="com.clean.newsapp.ui.NewsFeedViewModelTest" time="0.012"/>
  <testcase name="test get news item by Id failure" classname="com.clean.newsapp.ui.NewsFeedViewModelTest" time="0.019"/>
  <system-out><![CDATA[]]></system-out>
  <system-err><![CDATA[Exception in thread "Test worker @coroutine#23" java.lang.NullPointerException: Cannot invoke "kotlinx.coroutines.flow.Flow.collect(kotlinx.coroutines.flow.FlowCollector, kotlin.coroutines.Continuation)" because the return value of "com.clean.newsapp.domain.contract.GetNewsFeedUseCase.invoke()" is null
	at com.clean.newsapp.ui.NewsFeedViewModel$fetchNewsFeed$1.invokeSuspend(NewsFeedViewModel.kt:41)
	at kotlin.coroutines.jvm.internal.BaseContinuationImpl.resumeWith(ContinuationImpl.kt:33)
	at kotlinx.coroutines.DispatchedTask.run(DispatchedTask.kt:106)
	at kotlinx.coroutines.test.TestCoroutineDispatcher.dispatch(TestCoroutineDispatcher.kt:45)
	at kotlinx.coroutines.test.internal.TestMainDispatcher.dispatch(TestMainDispatcher.kt:29)
	at kotlinx.coroutines.internal.DispatchedContinuationKt.resumeCancellableWith(DispatchedContinuation.kt:322)
	at kotlinx.coroutines.intrinsics.CancellableKt.startCoroutineCancellable(Cancellable.kt:30)
	at kotlinx.coroutines.intrinsics.CancellableKt.startCoroutineCancellable$default(Cancellable.kt:25)
	at kotlinx.coroutines.CoroutineStart.invoke(CoroutineStart.kt:110)
	at kotlinx.coroutines.AbstractCoroutine.start(AbstractCoroutine.kt:126)
	at kotlinx.coroutines.BuildersKt__Builders_commonKt.launch(Builders.common.kt:56)
	at kotlinx.coroutines.BuildersKt.launch(Unknown Source)
	at kotlinx.coroutines.BuildersKt__Builders_commonKt.launch$default(Builders.common.kt:47)
	at kotlinx.coroutines.BuildersKt.launch$default(Unknown Source)
	at com.clean.newsapp.ui.NewsFeedViewModel.fetchNewsFeed(NewsFeedViewModel.kt:40)
	at com.clean.newsapp.ui.NewsFeedViewModel.<init>(NewsFeedViewModel.kt:32)
	at com.clean.newsapp.ui.NewsFeedViewModelTest$test get news item by Id success$1.invokeSuspend(NewsFeedViewModelTest.kt:100)
	at com.clean.newsapp.ui.NewsFeedViewModelTest$test get news item by Id success$1.invoke(NewsFeedViewModelTest.kt)
	at com.clean.newsapp.ui.NewsFeedViewModelTest$test get news item by Id success$1.invoke(NewsFeedViewModelTest.kt)
	at kotlinx.coroutines.test.TestBuildersKt__TestBuildersKt$runTestCoroutine$2.invokeSuspend(TestBuilders.kt:212)
	at kotlinx.coroutines.test.TestBuildersKt__TestBuildersKt$runTestCoroutine$2.invoke(TestBuilders.kt)
	at kotlinx.coroutines.test.TestBuildersKt__TestBuildersKt$runTestCoroutine$2.invoke(TestBuilders.kt)
	at kotlinx.coroutines.intrinsics.UndispatchedKt.startCoroutineUndispatched(Undispatched.kt:55)
	at kotlinx.coroutines.CoroutineStart.invoke(CoroutineStart.kt:112)
	at kotlinx.coroutines.AbstractCoroutine.start(AbstractCoroutine.kt:126)
	at kotlinx.coroutines.test.TestBuildersKt__TestBuildersKt.runTestCoroutine(TestBuilders.kt:211)
	at kotlinx.coroutines.test.TestBuildersKt.runTestCoroutine(Unknown Source)
	at kotlinx.coroutines.test.TestBuildersKt__TestBuildersKt$runTest$1$1.invokeSuspend(TestBuilders.kt:167)
	at kotlinx.coroutines.test.TestBuildersKt__TestBuildersKt$runTest$1$1.invoke(TestBuilders.kt)
	at kotlinx.coroutines.test.TestBuildersKt__TestBuildersKt$runTest$1$1.invoke(TestBuilders.kt)
	at kotlinx.coroutines.test.TestBuildersJvmKt$createTestResult$1.invokeSuspend(TestBuildersJvm.kt:13)
	at kotlin.coroutines.jvm.internal.BaseContinuationImpl.resumeWith(ContinuationImpl.kt:33)
	at kotlinx.coroutines.DispatchedTask.run(DispatchedTask.kt:106)
	at kotlinx.coroutines.EventLoopImplBase.processNextEvent(EventLoop.common.kt:284)
	at kotlinx.coroutines.BlockingCoroutine.joinBlocking(Builders.kt:85)
	at kotlinx.coroutines.BuildersKt__BuildersKt.runBlocking(Builders.kt:59)
	at kotlinx.coroutines.BuildersKt.runBlocking(Unknown Source)
	at kotlinx.coroutines.BuildersKt__BuildersKt.runBlocking$default(Builders.kt:38)
	at kotlinx.coroutines.BuildersKt.runBlocking$default(Unknown Source)
	at kotlinx.coroutines.test.TestBuildersJvmKt.createTestResult(TestBuildersJvm.kt:12)
	at kotlinx.coroutines.test.TestBuildersKt__TestBuildersKt.runTest(TestBuilders.kt:166)
	at kotlinx.coroutines.test.TestBuildersKt.runTest(Unknown Source)
	at kotlinx.coroutines.test.TestBuildersKt__TestBuildersKt.runTest(TestBuilders.kt:154)
	at kotlinx.coroutines.test.TestBuildersKt.runTest(Unknown Source)
	at kotlinx.coroutines.test.TestBuildersKt__TestBuildersKt.runTest$default(TestBuilders.kt:147)
	at kotlinx.coroutines.test.TestBuildersKt.runTest$default(Unknown Source)
	at com.clean.newsapp.ui.NewsFeedViewModelTest.test get news item by Id success(NewsFeedViewModelTest.kt:89)
	at java.base/jdk.internal.reflect.NativeMethodAccessorImpl.invoke0(Native Method)
	at java.base/jdk.internal.reflect.NativeMethodAccessorImpl.invoke(NativeMethodAccessorImpl.java:77)
	at java.base/jdk.internal.reflect.DelegatingMethodAccessorImpl.invoke(DelegatingMethodAccessorImpl.java:43)
	at java.base/java.lang.reflect.Method.invoke(Method.java:568)
	at org.junit.runners.model.FrameworkMethod$1.runReflectiveCall(FrameworkMethod.java:59)
	at org.junit.internal.runners.model.ReflectiveCallable.run(ReflectiveCallable.java:12)
	at org.junit.runners.model.FrameworkMethod.invokeExplosively(FrameworkMethod.java:56)
	at org.junit.internal.runners.statements.InvokeMethod.evaluate(InvokeMethod.java:17)
	at org.junit.internal.runners.statements.RunBefores.evaluate(RunBefores.java:26)
	at org.mockito.internal.runners.DefaultInternalRunner$1$1.evaluate(DefaultInternalRunner.java:55)
	at org.junit.rules.TestWatcher$1.evaluate(TestWatcher.java:61)
	at org.junit.rules.TestWatcher$1.evaluate(TestWatcher.java:61)
	at org.junit.runners.ParentRunner$3.evaluate(ParentRunner.java:306)
	at org.junit.runners.BlockJUnit4ClassRunner$1.evaluate(BlockJUnit4ClassRunner.java:100)
	at org.junit.runners.ParentRunner.runLeaf(ParentRunner.java:366)
	at org.junit.runners.BlockJUnit4ClassRunner.runChild(BlockJUnit4ClassRunner.java:103)
	at org.junit.runners.BlockJUnit4ClassRunner.runChild(BlockJUnit4ClassRunner.java:63)
	at org.junit.runners.ParentRunner$4.run(ParentRunner.java:331)
	at org.junit.runners.ParentRunner$1.schedule(ParentRunner.java:79)
	at org.junit.runners.ParentRunner.runChildren(ParentRunner.java:329)
	at org.junit.runners.ParentRunner.access$100(ParentRunner.java:66)
	at org.junit.runners.ParentRunner$2.evaluate(ParentRunner.java:293)
	at org.junit.runners.ParentRunner$3.evaluate(ParentRunner.java:306)
	at org.junit.runners.ParentRunner.run(ParentRunner.java:413)
	at org.mockito.internal.runners.DefaultInternalRunner$1.run(DefaultInternalRunner.java:100)
	at org.mockito.internal.runners.DefaultInternalRunner.run(DefaultInternalRunner.java:107)
	at org.mockito.internal.runners.StrictRunner.run(StrictRunner.java:41)
	at org.mockito.junit.MockitoJUnitRunner.run(MockitoJUnitRunner.java:163)
	at org.gradle.api.internal.tasks.testing.junit.JUnitTestClassExecutor.runTestClass(JUnitTestClassExecutor.java:110)
	at org.gradle.api.internal.tasks.testing.junit.JUnitTestClassExecutor.execute(JUnitTestClassExecutor.java:58)
	at org.gradle.api.internal.tasks.testing.junit.JUnitTestClassExecutor.execute(JUnitTestClassExecutor.java:38)
	at org.gradle.api.internal.tasks.testing.junit.AbstractJUnitTestClassProcessor.processTestClass(AbstractJUnitTestClassProcessor.java:62)
	at org.gradle.api.internal.tasks.testing.SuiteTestClassProcessor.processTestClass(SuiteTestClassProcessor.java:51)
	at java.base/jdk.internal.reflect.NativeMethodAccessorImpl.invoke0(Native Method)
	at java.base/jdk.internal.reflect.NativeMethodAccessorImpl.invoke(NativeMethodAccessorImpl.java:77)
	at java.base/jdk.internal.reflect.DelegatingMethodAccessorImpl.invoke(DelegatingMethodAccessorImpl.java:43)
	at java.base/java.lang.reflect.Method.invoke(Method.java:568)
	at org.gradle.internal.dispatch.ReflectionDispatch.dispatch(ReflectionDispatch.java:36)
	at org.gradle.internal.dispatch.ReflectionDispatch.dispatch(ReflectionDispatch.java:24)
	at org.gradle.internal.dispatch.ContextClassLoaderDispatch.dispatch(ContextClassLoaderDispatch.java:33)
	at org.gradle.internal.dispatch.ProxyDispatchAdapter$DispatchingInvocationHandler.invoke(ProxyDispatchAdapter.java:94)
	at jdk.proxy1/jdk.proxy1.$Proxy2.processTestClass(Unknown Source)
	at org.gradle.api.internal.tasks.testing.worker.TestWorker$2.run(TestWorker.java:176)
	at org.gradle.api.internal.tasks.testing.worker.TestWorker.executeAndMaintainThreadName(TestWorker.java:129)
	at org.gradle.api.internal.tasks.testing.worker.TestWorker.execute(TestWorker.java:100)
	at org.gradle.api.internal.tasks.testing.worker.TestWorker.execute(TestWorker.java:60)
	at org.gradle.process.internal.worker.child.ActionExecutionWorker.execute(ActionExecutionWorker.java:56)
	at org.gradle.process.internal.worker.child.SystemApplicationClassLoaderWorker.call(SystemApplicationClassLoaderWorker.java:133)
	at org.gradle.process.internal.worker.child.SystemApplicationClassLoaderWorker.call(SystemApplicationClassLoaderWorker.java:71)
	at worker.org.gradle.process.internal.worker.GradleWorkerMain.run(GradleWorkerMain.java:69)
	at worker.org.gradle.process.internal.worker.GradleWorkerMain.main(GradleWorkerMain.java:74)
	Suppressed: kotlinx.coroutines.DiagnosticCoroutineContextException: [CoroutineId(23), "coroutine#23":StandaloneCoroutine{Cancelling}@72943338, Dispatchers.Main]
Exception in thread "Test worker @coroutine#28" java.lang.NullPointerException: Cannot invoke "kotlinx.coroutines.flow.Flow.collect(kotlinx.coroutines.flow.FlowCollector, kotlin.coroutines.Continuation)" because the return value of "com.clean.newsapp.domain.contract.GetNewsFeedUseCase.invoke()" is null
	at com.clean.newsapp.ui.NewsFeedViewModel$fetchNewsFeed$1.invokeSuspend(NewsFeedViewModel.kt:41)
	at kotlin.coroutines.jvm.internal.BaseContinuationImpl.resumeWith(ContinuationImpl.kt:33)
	at kotlinx.coroutines.DispatchedTask.run(DispatchedTask.kt:106)
	at kotlinx.coroutines.test.TestCoroutineDispatcher.dispatch(TestCoroutineDispatcher.kt:45)
	at kotlinx.coroutines.test.internal.TestMainDispatcher.dispatch(TestMainDispatcher.kt:29)
	at kotlinx.coroutines.internal.DispatchedContinuationKt.resumeCancellableWith(DispatchedContinuation.kt:322)
	at kotlinx.coroutines.intrinsics.CancellableKt.startCoroutineCancellable(Cancellable.kt:30)
	at kotlinx.coroutines.intrinsics.CancellableKt.startCoroutineCancellable$default(Cancellable.kt:25)
	at kotlinx.coroutines.CoroutineStart.invoke(CoroutineStart.kt:110)
	at kotlinx.coroutines.AbstractCoroutine.start(AbstractCoroutine.kt:126)
	at kotlinx.coroutines.BuildersKt__Builders_commonKt.launch(Builders.common.kt:56)
	at kotlinx.coroutines.BuildersKt.launch(Unknown Source)
	at kotlinx.coroutines.BuildersKt__Builders_commonKt.launch$default(Builders.common.kt:47)
	at kotlinx.coroutines.BuildersKt.launch$default(Unknown Source)
	at com.clean.newsapp.ui.NewsFeedViewModel.fetchNewsFeed(NewsFeedViewModel.kt:40)
	at com.clean.newsapp.ui.NewsFeedViewModel.<init>(NewsFeedViewModel.kt:32)
	at com.clean.newsapp.ui.NewsFeedViewModelTest$test get news item by Id failure$1.invokeSuspend(NewsFeedViewModelTest.kt:123)
	at com.clean.newsapp.ui.NewsFeedViewModelTest$test get news item by Id failure$1.invoke(NewsFeedViewModelTest.kt)
	at com.clean.newsapp.ui.NewsFeedViewModelTest$test get news item by Id failure$1.invoke(NewsFeedViewModelTest.kt)
	at kotlinx.coroutines.test.TestBuildersKt__TestBuildersKt$runTestCoroutine$2.invokeSuspend(TestBuilders.kt:212)
	at kotlinx.coroutines.test.TestBuildersKt__TestBuildersKt$runTestCoroutine$2.invoke(TestBuilders.kt)
	at kotlinx.coroutines.test.TestBuildersKt__TestBuildersKt$runTestCoroutine$2.invoke(TestBuilders.kt)
	at kotlinx.coroutines.intrinsics.UndispatchedKt.startCoroutineUndispatched(Undispatched.kt:55)
	at kotlinx.coroutines.CoroutineStart.invoke(CoroutineStart.kt:112)
	at kotlinx.coroutines.AbstractCoroutine.start(AbstractCoroutine.kt:126)
	at kotlinx.coroutines.test.TestBuildersKt__TestBuildersKt.runTestCoroutine(TestBuilders.kt:211)
	at kotlinx.coroutines.test.TestBuildersKt.runTestCoroutine(Unknown Source)
	at kotlinx.coroutines.test.TestBuildersKt__TestBuildersKt$runTest$1$1.invokeSuspend(TestBuilders.kt:167)
	at kotlinx.coroutines.test.TestBuildersKt__TestBuildersKt$runTest$1$1.invoke(TestBuilders.kt)
	at kotlinx.coroutines.test.TestBuildersKt__TestBuildersKt$runTest$1$1.invoke(TestBuilders.kt)
	at kotlinx.coroutines.test.TestBuildersJvmKt$createTestResult$1.invokeSuspend(TestBuildersJvm.kt:13)
	at kotlin.coroutines.jvm.internal.BaseContinuationImpl.resumeWith(ContinuationImpl.kt:33)
	at kotlinx.coroutines.DispatchedTask.run(DispatchedTask.kt:106)
	at kotlinx.coroutines.EventLoopImplBase.processNextEvent(EventLoop.common.kt:284)
	at kotlinx.coroutines.BlockingCoroutine.joinBlocking(Builders.kt:85)
	at kotlinx.coroutines.BuildersKt__BuildersKt.runBlocking(Builders.kt:59)
	at kotlinx.coroutines.BuildersKt.runBlocking(Unknown Source)
	at kotlinx.coroutines.BuildersKt__BuildersKt.runBlocking$default(Builders.kt:38)
	at kotlinx.coroutines.BuildersKt.runBlocking$default(Unknown Source)
	at kotlinx.coroutines.test.TestBuildersJvmKt.createTestResult(TestBuildersJvm.kt:12)
	at kotlinx.coroutines.test.TestBuildersKt__TestBuildersKt.runTest(TestBuilders.kt:166)
	at kotlinx.coroutines.test.TestBuildersKt.runTest(Unknown Source)
	at kotlinx.coroutines.test.TestBuildersKt__TestBuildersKt.runTest(TestBuilders.kt:154)
	at kotlinx.coroutines.test.TestBuildersKt.runTest(Unknown Source)
	at kotlinx.coroutines.test.TestBuildersKt__TestBuildersKt.runTest$default(TestBuilders.kt:147)
	at kotlinx.coroutines.test.TestBuildersKt.runTest$default(Unknown Source)
	at com.clean.newsapp.ui.NewsFeedViewModelTest.test get news item by Id failure(NewsFeedViewModelTest.kt:112)
	at java.base/jdk.internal.reflect.NativeMethodAccessorImpl.invoke0(Native Method)
	at java.base/jdk.internal.reflect.NativeMethodAccessorImpl.invoke(NativeMethodAccessorImpl.java:77)
	at java.base/jdk.internal.reflect.DelegatingMethodAccessorImpl.invoke(DelegatingMethodAccessorImpl.java:43)
	at java.base/java.lang.reflect.Method.invoke(Method.java:568)
	at org.junit.runners.model.FrameworkMethod$1.runReflectiveCall(FrameworkMethod.java:59)
	at org.junit.internal.runners.model.ReflectiveCallable.run(ReflectiveCallable.java:12)
	at org.junit.runners.model.FrameworkMethod.invokeExplosively(FrameworkMethod.java:56)
	at org.junit.internal.runners.statements.InvokeMethod.evaluate(InvokeMethod.java:17)
	at org.junit.internal.runners.statements.RunBefores.evaluate(RunBefores.java:26)
	at org.mockito.internal.runners.DefaultInternalRunner$1$1.evaluate(DefaultInternalRunner.java:55)
	at org.junit.rules.TestWatcher$1.evaluate(TestWatcher.java:61)
	at org.junit.rules.TestWatcher$1.evaluate(TestWatcher.java:61)
	at org.junit.runners.ParentRunner$3.evaluate(ParentRunner.java:306)
	at org.junit.runners.BlockJUnit4ClassRunner$1.evaluate(BlockJUnit4ClassRunner.java:100)
	at org.junit.runners.ParentRunner.runLeaf(ParentRunner.java:366)
	at org.junit.runners.BlockJUnit4ClassRunner.runChild(BlockJUnit4ClassRunner.java:103)
	at org.junit.runners.BlockJUnit4ClassRunner.runChild(BlockJUnit4ClassRunner.java:63)
	at org.junit.runners.ParentRunner$4.run(ParentRunner.java:331)
	at org.junit.runners.ParentRunner$1.schedule(ParentRunner.java:79)
	at org.junit.runners.ParentRunner.runChildren(ParentRunner.java:329)
	at org.junit.runners.ParentRunner.access$100(ParentRunner.java:66)
	at org.junit.runners.ParentRunner$2.evaluate(ParentRunner.java:293)
	at org.junit.runners.ParentRunner$3.evaluate(ParentRunner.java:306)
	at org.junit.runners.ParentRunner.run(ParentRunner.java:413)
	at org.mockito.internal.runners.DefaultInternalRunner$1.run(DefaultInternalRunner.java:100)
	at org.mockito.internal.runners.DefaultInternalRunner.run(DefaultInternalRunner.java:107)
	at org.mockito.internal.runners.StrictRunner.run(StrictRunner.java:41)
	at org.mockito.junit.MockitoJUnitRunner.run(MockitoJUnitRunner.java:163)
	at org.gradle.api.internal.tasks.testing.junit.JUnitTestClassExecutor.runTestClass(JUnitTestClassExecutor.java:110)
	at org.gradle.api.internal.tasks.testing.junit.JUnitTestClassExecutor.execute(JUnitTestClassExecutor.java:58)
	at org.gradle.api.internal.tasks.testing.junit.JUnitTestClassExecutor.execute(JUnitTestClassExecutor.java:38)
	at org.gradle.api.internal.tasks.testing.junit.AbstractJUnitTestClassProcessor.processTestClass(AbstractJUnitTestClassProcessor.java:62)
	at org.gradle.api.internal.tasks.testing.SuiteTestClassProcessor.processTestClass(SuiteTestClassProcessor.java:51)
	at java.base/jdk.internal.reflect.NativeMethodAccessorImpl.invoke0(Native Method)
	at java.base/jdk.internal.reflect.NativeMethodAccessorImpl.invoke(NativeMethodAccessorImpl.java:77)
	at java.base/jdk.internal.reflect.DelegatingMethodAccessorImpl.invoke(DelegatingMethodAccessorImpl.java:43)
	at java.base/java.lang.reflect.Method.invoke(Method.java:568)
	at org.gradle.internal.dispatch.ReflectionDispatch.dispatch(ReflectionDispatch.java:36)
	at org.gradle.internal.dispatch.ReflectionDispatch.dispatch(ReflectionDispatch.java:24)
	at org.gradle.internal.dispatch.ContextClassLoaderDispatch.dispatch(ContextClassLoaderDispatch.java:33)
	at org.gradle.internal.dispatch.ProxyDispatchAdapter$DispatchingInvocationHandler.invoke(ProxyDispatchAdapter.java:94)
	at jdk.proxy1/jdk.proxy1.$Proxy2.processTestClass(Unknown Source)
	at org.gradle.api.internal.tasks.testing.worker.TestWorker$2.run(TestWorker.java:176)
	at org.gradle.api.internal.tasks.testing.worker.TestWorker.executeAndMaintainThreadName(TestWorker.java:129)
	at org.gradle.api.internal.tasks.testing.worker.TestWorker.execute(TestWorker.java:100)
	at org.gradle.api.internal.tasks.testing.worker.TestWorker.execute(TestWorker.java:60)
	at org.gradle.process.internal.worker.child.ActionExecutionWorker.execute(ActionExecutionWorker.java:56)
	at org.gradle.process.internal.worker.child.SystemApplicationClassLoaderWorker.call(SystemApplicationClassLoaderWorker.java:133)
	at org.gradle.process.internal.worker.child.SystemApplicationClassLoaderWorker.call(SystemApplicationClassLoaderWorker.java:71)
	at worker.org.gradle.process.internal.worker.GradleWorkerMain.run(GradleWorkerMain.java:69)
	at worker.org.gradle.process.internal.worker.GradleWorkerMain.main(GradleWorkerMain.java:74)
	Suppressed: kotlinx.coroutines.DiagnosticCoroutineContextException: [CoroutineId(28), "coroutine#28":StandaloneCoroutine{Cancelling}@7c77ee23, Dispatchers.Main]
]]></system-err>
</testsuite>
